<?xml version="1.0" encoding="UTF-8"?>
<testng-results ignored="0" total="4" passed="4" failed="0" skipped="0">
  <reporter-output>
  </reporter-output>
  <suite started-at="2024-06-13T20:52:11 IST" name="petSuite" finished-at="2024-06-13T20:52:19 IST" duration-ms="8233">
    <groups>
    </groups>
    <test started-at="2024-06-13T20:52:11 IST" name="petTest" finished-at="2024-06-13T20:52:19 IST" duration-ms="8233">
      <class name="api.test.UserTests2">
        <test-method is-config="true" signature="setUp()[pri:0, instance:api.test.UserTests2@76c3e77a]" started-at="2024-06-13T20:52:11 IST" name="setUp" finished-at="2024-06-13T20:52:11 IST" duration-ms="469" status="PASS">
          <reporter-output>
          </reporter-output>
        </test-method> <!-- setUp -->
        <test-method signature="testUserPost()[pri:1, instance:api.test.UserTests2@76c3e77a]" started-at="2024-06-13T20:52:11 IST" name="testUserPost" finished-at="2024-06-13T20:52:14 IST" duration-ms="2572" status="PASS">
          <reporter-output>
          </reporter-output>
        </test-method> <!-- testUserPost -->
        <test-method signature="testGetUserByName()[pri:2, instance:api.test.UserTests2@76c3e77a]" started-at="2024-06-13T20:52:14 IST" name="testGetUserByName" finished-at="2024-06-13T20:52:15 IST" duration-ms="1226" status="PASS">
          <reporter-output>
          </reporter-output>
        </test-method> <!-- testGetUserByName -->
        <test-method signature="testUpdateUserByName()[pri:3, instance:api.test.UserTests2@76c3e77a]" started-at="2024-06-13T20:52:15 IST" name="testUpdateUserByName" finished-at="2024-06-13T20:52:18 IST" duration-ms="2497" status="PASS">
          <reporter-output>
          </reporter-output>
        </test-method> <!-- testUpdateUserByName -->
        <test-method signature="testDeleteUserByName()[pri:4, instance:api.test.UserTests2@76c3e77a]" started-at="2024-06-13T20:52:18 IST" name="testDeleteUserByName" finished-at="2024-06-13T20:52:19 IST" duration-ms="1257" status="PASS">
          <reporter-output>
          </reporter-output>
        </test-method> <!-- testDeleteUserByName -->
      </class> <!-- api.test.UserTests2 -->
    </test> <!-- petTest -->
  </suite> <!-- petSuite -->
</testng-results>
