<?xml version="1.0" encoding="UTF-8"?>
<testng-results ignored="0" total="4" passed="4" failed="0" skipped="0">
  <reporter-output>
  </reporter-output>
  <suite started-at="2024-06-13T19:38:46 IST" name="petSuite" finished-at="2024-06-13T19:38:55 IST" duration-ms="8939">
    <groups>
    </groups>
    <test started-at="2024-06-13T19:38:46 IST" name="petTest" finished-at="2024-06-13T19:38:55 IST" duration-ms="8939">
      <class name="api.test.UserTests2">
        <test-method is-config="true" signature="setUp()[pri:0, instance:api.test.UserTests2@71ba6d4e]" started-at="2024-06-13T19:38:46 IST" name="setUp" finished-at="2024-06-13T19:38:47 IST" duration-ms="423" status="PASS">
          <reporter-output>
          </reporter-output>
        </test-method> <!-- setUp -->
        <test-method signature="testUserPost()[pri:1, instance:api.test.UserTests2@71ba6d4e]" started-at="2024-06-13T19:38:47 IST" name="testUserPost" finished-at="2024-06-13T19:38:49 IST" duration-ms="2463" status="PASS">
          <reporter-output>
          </reporter-output>
        </test-method> <!-- testUserPost -->
        <test-method signature="testGetUserByName()[pri:2, instance:api.test.UserTests2@71ba6d4e]" started-at="2024-06-13T19:38:49 IST" name="testGetUserByName" finished-at="2024-06-13T19:38:51 IST" duration-ms="1590" status="PASS">
          <reporter-output>
          </reporter-output>
        </test-method> <!-- testGetUserByName -->
        <test-method signature="testUpdateUserByName()[pri:3, instance:api.test.UserTests2@71ba6d4e]" started-at="2024-06-13T19:38:51 IST" name="testUpdateUserByName" finished-at="2024-06-13T19:38:54 IST" duration-ms="2758" status="PASS">
          <reporter-output>
          </reporter-output>
        </test-method> <!-- testUpdateUserByName -->
        <test-method signature="testDeleteUserByName()[pri:4, instance:api.test.UserTests2@71ba6d4e]" started-at="2024-06-13T19:38:54 IST" name="testDeleteUserByName" finished-at="2024-06-13T19:38:55 IST" duration-ms="1525" status="PASS">
          <reporter-output>
          </reporter-output>
        </test-method> <!-- testDeleteUserByName -->
      </class> <!-- api.test.UserTests2 -->
    </test> <!-- petTest -->
  </suite> <!-- petSuite -->
</testng-results>
