<?xml version="1.0" encoding="UTF-8"?>
<!-- Generated by org.testng.reporters.JUnitXMLReporter -->
<testsuite ignored="0" hostname="m-c02f956qmd6n" failures="0" tests="4" name="petTest" time="8.939" errors="0" timestamp="2024-06-13T19:38:55 IST">
  <testcase classname="api.test.UserTests2" name="testUserPost" time="2.463"/>
  <testcase classname="api.test.UserTests2" name="testGetUserByName" time="1.59"/>
  <testcase classname="api.test.UserTests2" name="testUpdateUserByName" time="2.758"/>
  <testcase classname="api.test.UserTests2" name="testDeleteUserByName" time="1.525"/>
</testsuite> <!-- petTest -->
